2022-05-11T09:00:13.029Z  info: LogIn Called
2022-05-11T09:01:03.123Z  info: LogOut Called
2022-05-11T09:03:01.903Z  info: LogIn Called
2022-05-11T09:03:05.647Z  error: Wrong OTP
2022-05-11T09:07:41.147Z  info: LogIn Called
2022-05-11T09:08:53.870Z  info: Room is created
2022-05-11T09:12:47.450Z  info: LogOut Called
2022-05-11T09:12:53.876Z  info: LogIn Called
2022-05-11T09:12:57.474Z  info: Successfully LoggedIn
2022-05-11T09:15:30.962Z  error: Photos added
2022-05-11T09:16:22.861Z  info: LogOut Called
2022-05-11T09:47:28.801Z  info: LogIn Called
2022-05-11T09:48:16.723Z  error: Wrong OTP
2022-05-11T09:48:16.724Z  info: Successfully LoggedIn
2022-05-11T09:50:58.613Z  info: LogIn Called
2022-05-11T09:51:26.684Z  error: Wrong OTP
2022-05-11T09:51:26.689Z  info: Successfully LoggedIn
2022-05-11T09:52:52.763Z  info: LogIn Called
2022-05-11T09:53:10.648Z  info: Successfully LoggedIn
2022-05-11T09:57:01.693Z  info: LogIn Called
2022-05-11T10:08:17.950Z  info: LogIn Called
2022-05-11T10:51:12.844Z  info: LogIn Called
2022-05-11T10:51:16.719Z  info: Successfully LoggedIn
